<?xml version="1.0" encoding="UTF-8" standalone="yes"?><!DOCTYPE report PUBLIC "-//JACOCO//DTD Report 1.1//EN" "report.dtd"><report name="code"><sessioninfo id="xiaoxi-laptop-c4b017cd" start="1681100738720" dump="1681100741191"/><package name=""><class name="TelephoneBilling" sourcefilename="TelephoneBilling.java"><method name="&lt;init&gt;" desc="()V" line="7"><counter type="INSTRUCTION" missed="3" covered="0"/><counter type="LINE" missed="1" covered="0"/><counter type="COMPLEXITY" missed="1" covered="0"/><counter type="METHOD" missed="1" covered="0"/></method><method name="calculateCallCost" desc="(Ljava/time/LocalDateTime;Ljava/time/LocalDateTime;)D" line="10"><counter type="INSTRUCTION" missed="18" covered="48"/><counter type="BRANCH" missed="6" covered="4"/><counter type="LINE" missed="3" covered="8"/><counter type="COMPLEXITY" missed="5" covered="1"/><counter type="METHOD" missed="0" covered="1"/></method><method name="isDuringDaylightSavingTimeChange" desc="(Ljava/time/LocalDateTime;)Z" line="40"><counter type="INSTRUCTION" missed="10" covered="41"/><counter type="BRANCH" missed="8" covered="8"/><counter type="LINE" missed="2" covered="8"/><counter type="COMPLEXITY" missed="6" covered="3"/><counter type="METHOD" missed="0" covered="1"/></method><counter type="INSTRUCTION" missed="31" covered="89"/><counter type="BRANCH" missed="14" covered="12"/><counter type="LINE" missed="6" covered="16"/><counter type="COMPLEXITY" missed="12" covered="4"/><counter type="METHOD" missed="1" covered="2"/><counter type="CLASS" missed="0" covered="1"/></class><sourcefile name="TelephoneBilling.java"><line nr="7" mi="3" ci="0" mb="0" cb="0"/><line nr="10" mi="0" ci="2" mb="0" cb="0"/><line nr="13" mi="0" ci="7" mb="0" cb="0"/><line nr="16" mi="0" ci="5" mb="0" cb="0"/><line nr="19" mi="0" ci="6" mb="2" cb="2"/><line nr="21" mi="10" ci="0" mb="2" cb="0"/><line nr="25" mi="0" ci="4" mb="1" cb="1"/><line nr="26" mi="6" ci="0" mb="0" cb="0"/><line nr="28" mi="0" ci="9" mb="0" cb="0"/><line nr="32" mi="0" ci="4" mb="1" cb="1"/><line nr="33" mi="2" ci="0" mb="0" cb="0"/><line nr="35" mi="0" ci="11" mb="0" cb="0"/><line nr="40" mi="0" ci="3" mb="0" cb="0"/><line nr="41" mi="0" ci="3" mb="0" cb="0"/><line nr="42" mi="0" ci="3" mb="0" cb="0"/><line nr="44" mi="0" ci="12" mb="2" cb="6"/><line nr="46" mi="0" ci="2" mb="0" cb="0"/><line nr="49" mi="0" ci="10" mb="0" cb="0"/><line nr="50" mi="6" ci="6" mb="4" cb="2"/><line nr="51" mi="2" ci="0" mb="2" cb="0"/><line nr="53" mi="2" ci="0" mb="0" cb="0"/><line nr="56" mi="0" ci="2" mb="0" cb="0"/><counter type="INSTRUCTION" missed="31" covered="89"/><counter type="BRANCH" missed="14" covered="12"/><counter type="LINE" missed="6" covered="16"/><counter type="COMPLEXITY" missed="12" covered="4"/><counter type="METHOD" missed="1" covered="2"/><counter type="CLASS" missed="0" covered="1"/></sourcefile><counter type="INSTRUCTION" missed="31" covered="89"/><counter type="BRANCH" missed="14" covered="12"/><counter type="LINE" missed="6" covered="16"/><counter type="COMPLEXITY" missed="12" covered="4"/><counter type="METHOD" missed="1" covered="2"/><counter type="CLASS" missed="0" covered="1"/></package><counter type="INSTRUCTION" missed="31" covered="89"/><counter type="BRANCH" missed="14" covered="12"/><counter type="LINE" missed="6" covered="16"/><counter type="COMPLEXITY" missed="12" covered="4"/><counter type="METHOD" missed="1" covered="2"/><counter type="CLASS" missed="0" covered="1"/></report>